<?xml version="1.0" encoding="UTF-8"?>
<!-- Generated by org.testng.reporters.JUnitReportReporter -->
<testsuite hostname="L86HQ1Z2" failures="0" tests="27" name="analyzer.mortgage_credit.Page3CreditAloneTest" time="20.384" errors="0" timestamp="2020-11-07T23:42:36 CET" skipped="0">
  <testcase classname="analyzer.mortgage_credit.Page3CreditAloneTest" name="zc_whyAsk" time="0.273"/>
  <system-out/>
  <testcase classname="analyzer.mortgage_credit.Page3CreditAloneTest" name="t_legalChargesMoreThanMax" time="0.475"/>
  <system-out/>
  <testcase classname="analyzer.mortgage_credit.Page3CreditAloneTest" name="u_payedInstallmentsText" time="0.050"/>
  <system-out/>
  <testcase classname="analyzer.mortgage_credit.Page3CreditAloneTest" name="y_dependents" time="0.445"/>
  <system-out/>
  <testcase classname="analyzer.mortgage_credit.Page3CreditAloneTest" name="p_monthIncomeMoreThanMax" time="0.374"/>
  <system-out/>
  <testcase classname="analyzer.mortgage_credit.Page3CreditAloneTest" name="g_monthIncomeTooltip" time="0.249"/>
  <system-out/>
  <testcase classname="analyzer.mortgage_credit.Page3CreditAloneTest" name="e_sourceOfIncomeTooltip" time="0.250"/>
  <system-out/>
  <testcase classname="analyzer.mortgage_credit.Page3CreditAloneTest" name="s_legalChargesLessThanMin" time="0.039"/>
  <system-out/>
  <testcase classname="analyzer.mortgage_credit.Page3CreditAloneTest" name="m_monthIncomeIsEmpty" time="0.496"/>
  <system-out/>
  <testcase classname="analyzer.mortgage_credit.Page3CreditAloneTest" name="d_isCreditTakerDisabled" time="0.047"/>
  <system-out/>
  <testcase classname="analyzer.mortgage_credit.Page3CreditAloneTest" name="b_backButtonDisplayed" time="0.051"/>
  <system-out/>
  <testcase classname="analyzer.mortgage_credit.Page3CreditAloneTest" name="z_houeseholdExpensesIsEmpty" time="0.322"/>
  <system-out/>
  <testcase classname="analyzer.mortgage_credit.Page3CreditAloneTest" name="w_creditLimitsText" time="0.050"/>
  <system-out/>
  <testcase classname="analyzer.mortgage_credit.Page3CreditAloneTest" name="o_monthIncomeLessThanInstallment" time="0.169"/>
  <system-out/>
  <testcase classname="analyzer.mortgage_credit.Page3CreditAloneTest" name="r_legalChargesIsEmpty" time="0.321"/>
  <system-out/>
  <testcase classname="analyzer.mortgage_credit.Page3CreditAloneTest" name="zb_householdExpensesMoreThanMax" time="0.491"/>
  <system-out/>
  <testcase classname="analyzer.mortgage_credit.Page3CreditAloneTest" name="n_monthIncomeLessThanMin" time="0.042"/>
  <system-out/>
  <testcase classname="analyzer.mortgage_credit.Page3CreditAloneTest" name="za_householdExpensesLessThanMin" time="0.040"/>
  <system-out/>
  <testcase classname="analyzer.mortgage_credit.Page3CreditAloneTest" name="j_householdExpensesTooltip" time="0.201"/>
  <system-out/>
  <testcase classname="analyzer.mortgage_credit.Page3CreditAloneTest" name="zd_count" time="2.630"/>
  <system-out/>
  <testcase classname="analyzer.mortgage_credit.Page3CreditAloneTest" name="i_dependentsTooltip" time="0.211"/>
  <system-out/>
  <testcase classname="analyzer.mortgage_credit.Page3CreditAloneTest" name="c_backButton" time="0.786"/>
  <system-out/>
  <testcase classname="analyzer.mortgage_credit.Page3CreditAloneTest" name="a_component" time="0.083"/>
  <system-out/>
  <testcase classname="analyzer.mortgage_credit.Page3CreditAloneTest" name="k_sourceOfIncomeIsEmpty" time="5.624"/>
  <system-out/>
  <testcase classname="analyzer.mortgage_credit.Page3CreditAloneTest" name="f_creditTakerTooltip" time="0.262"/>
  <system-out/>
  <testcase classname="analyzer.mortgage_credit.Page3CreditAloneTest" name="h_legalChargesTooltip" time="0.777"/>
  <system-out/>
  <testcase classname="analyzer.mortgage_credit.Page3CreditAloneTest" name="l_sourceOfIncomeIsNotEmpty" time="5.626"/>
  <system-out/>
</testsuite> <!-- analyzer.mortgage_credit.Page3CreditAloneTest -->
