<?xml version="1.0" encoding="UTF-8"?>
<!-- Generated by org.testng.reporters.JUnitReportReporter -->
<testsuite hostname="L86HQ1Z2" failures="0" tests="28" name="analyzer.mortgage_credit.Page2Test" time="33.337" errors="0" timestamp="2020-11-08T17:19:55 CET" skipped="0">
  <testcase classname="analyzer.mortgage_credit.Page2Test" name="h_CreditAmountSlider" time="2.306"/>
  <system-out/>
  <testcase classname="analyzer.mortgage_credit.Page2Test" name="c_propertyValueVisible" time="0.051"/>
  <system-out/>
  <testcase classname="analyzer.mortgage_credit.Page2Test" name="i_CreditAmountEmptyImput" time="1.393"/>
  <system-out/>
  <testcase classname="analyzer.mortgage_credit.Page2Test" name="b_correctTypeCreditLink" time="0.028"/>
  <system-out/>
  <testcase classname="analyzer.mortgage_credit.Page2Test" name="ze_submit" time="4.162"/>
  <system-out/>
  <testcase classname="analyzer.mortgage_credit.Page2Test" name="p_InstalltmentsCountMoreThanMax" time="0.453"/>
  <system-out/>
  <testcase classname="analyzer.mortgage_credit.Page2Test" name="w_InstalltmentsValueMoreThanMax" time="0.349"/>
  <system-out/>
  <testcase classname="analyzer.mortgage_credit.Page2Test" name="k_CreditAmountMoreThanMax" time="0.741"/>
  <system-out/>
  <testcase classname="analyzer.mortgage_credit.Page2Test" name="za_RelationInstallmentsTooSmall" time="2.657"/>
  <system-out/>
  <testcase classname="analyzer.mortgage_credit.Page2Test" name="l_InstalltmentsCountRadio" time="0.371"/>
  <system-out/>
  <testcase classname="analyzer.mortgage_credit.Page2Test" name="zc_tooltipAmount" time="0.495"/>
  <system-out/>
  <testcase classname="analyzer.mortgage_credit.Page2Test" name="a_AgreementCheckbox" time="0.827"/>
  <system-out/>
  <testcase classname="analyzer.mortgage_credit.Page2Test" name="zd_tooltipHowToPay" time="0.440"/>
  <system-out/>
  <testcase classname="analyzer.mortgage_credit.Page2Test" name="j_CreditAmountLessThanMin" time="0.664"/>
  <system-out/>
  <testcase classname="analyzer.mortgage_credit.Page2Test" name="y_RelationInstallmentsMLessThanMin" time="2.794"/>
  <system-out/>
  <testcase classname="analyzer.mortgage_credit.Page2Test" name="g_PropertyValuetRelationCreditAmount" time="1.820"/>
  <system-out/>
  <testcase classname="analyzer.mortgage_credit.Page2Test" name="f_PropertyValuetMoreThanMax" time="0.671"/>
  <system-out/>
  <testcase classname="analyzer.mortgage_credit.Page2Test" name="z_RelationInstallmentsMoreThanMax" time="2.822"/>
  <system-out/>
  <testcase classname="analyzer.mortgage_credit.Page2Test" name="n_InstalltmentsCountEmptyImput" time="0.579"/>
  <system-out/>
  <testcase classname="analyzer.mortgage_credit.Page2Test" name="zb_RelationInstallmentsTooLarge" time="2.402"/>
  <system-out/>
  <testcase classname="analyzer.mortgage_credit.Page2Test" name="m_InstalltmentsCountSlider" time="1.988"/>
  <system-out/>
  <testcase classname="analyzer.mortgage_credit.Page2Test" name="r_InstalltmentsValueRadio" time="0.248"/>
  <system-out/>
  <testcase classname="analyzer.mortgage_credit.Page2Test" name="t_InstalltmentsValueEmptyImput" time="0.638"/>
  <system-out/>
  <testcase classname="analyzer.mortgage_credit.Page2Test" name="d_PropertyValueEmptyImput" time="0.994"/>
  <system-out/>
  <testcase classname="analyzer.mortgage_credit.Page2Test" name="o_InstalltmentsCountLessThanMin" time="0.499"/>
  <system-out/>
  <testcase classname="analyzer.mortgage_credit.Page2Test" name="s_InstalltmentsValueSlider" time="2.026"/>
  <system-out/>
  <testcase classname="analyzer.mortgage_credit.Page2Test" name="u_InstalltmentsValueLessThanMin" time="0.361"/>
  <system-out/>
  <testcase classname="analyzer.mortgage_credit.Page2Test" name="e_PropertyValueLessThanMin" time="0.558"/>
  <system-out/>
</testsuite> <!-- analyzer.mortgage_credit.Page2Test -->
