<?xml version="1.0" encoding="UTF-8"?>
<!-- Generated by org.testng.reporters.JUnitReportReporter -->
<testsuite hostname="L86HQ1Z2" failures="0" tests="30" name="analyzer.MortgageAnalyzerTestAlone" time="30.308" errors="0" timestamp="2020-11-05T22:21:24 CET" skipped="0">
  <testcase classname="analyzer.MortgageAnalyzerTestAlone" name="by_RelationInstallmentsMLessThanMin" time="1.725"/>
  <system-out/>
  <testcase classname="analyzer.MortgageAnalyzerTestAlone" name="bw_InstalltmentsValueMoreThanMax" time="0.281"/>
  <system-out/>
  <testcase classname="analyzer.MortgageAnalyzerTestAlone" name="bm_InstalltmentsCountSlider" time="2.028"/>
  <system-out/>
  <testcase classname="analyzer.MortgageAnalyzerTestAlone" name="bza_RelationInstallmentsTooSmall" time="2.005"/>
  <system-out/>
  <testcase classname="analyzer.MortgageAnalyzerTestAlone" name="bzd_tooltipHowToPay" time="0.366"/>
  <system-out/>
  <testcase classname="analyzer.MortgageAnalyzerTestAlone" name="bs_InstalltmentsValueSlider" time="1.929"/>
  <system-out/>
  <testcase classname="analyzer.MortgageAnalyzerTestAlone" name="ad_FollowButton" time="0.531"/>
  <system-out/>
  <testcase classname="analyzer.MortgageAnalyzerTestAlone" name="bh_CreditAmountSlider" time="2.086"/>
  <system-out/>
  <testcase classname="analyzer.MortgageAnalyzerTestAlone" name="ba_AgreementCheckbox" time="2.262"/>
  <system-out/>
  <testcase classname="analyzer.MortgageAnalyzerTestAlone" name="bg_PropertyValuetRelationCreditAmount" time="1.278"/>
  <system-out/>
  <testcase classname="analyzer.MortgageAnalyzerTestAlone" name="bf_PropertyValuetMoreThanMax" time="0.692"/>
  <system-out/>
  <testcase classname="analyzer.MortgageAnalyzerTestAlone" name="bj_CreditAmountLessThanMin" time="0.586"/>
  <system-out/>
  <testcase classname="analyzer.MortgageAnalyzerTestAlone" name="bz_RelationInstallmentsMoreThanMax" time="1.968"/>
  <system-out/>
  <testcase classname="analyzer.MortgageAnalyzerTestAlone" name="bi_CreditAmountEmptyImput" time="1.235"/>
  <system-out/>
  <testcase classname="analyzer.MortgageAnalyzerTestAlone" name="bo_InstalltmentsCountLessThanMin" time="0.313"/>
  <system-out/>
  <testcase classname="analyzer.MortgageAnalyzerTestAlone" name="bzb_RelationInstallmentsTooLarge" time="1.904"/>
  <system-out/>
  <testcase classname="analyzer.MortgageAnalyzerTestAlone" name="bn_InstalltmentsCountEmptyImput" time="0.549"/>
  <system-out/>
  <testcase classname="analyzer.MortgageAnalyzerTestAlone" name="ac_TypeCredit" time="0.325"/>
  <system-out/>
  <testcase classname="analyzer.MortgageAnalyzerTestAlone" name="bk_CreditAmountMoreThanMax" time="0.512"/>
  <system-out/>
  <testcase classname="analyzer.MortgageAnalyzerTestAlone" name="be_PropertyValueLessThanMin" time="0.614"/>
  <system-out/>
  <testcase classname="analyzer.MortgageAnalyzerTestAlone" name="bc_propertyValueVisible" time="0.081"/>
  <system-out/>
  <testcase classname="analyzer.MortgageAnalyzerTestAlone" name="bzc_tooltipAmount" time="0.445"/>
  <system-out/>
  <testcase classname="analyzer.MortgageAnalyzerTestAlone" name="bl_InstalltmentsCountRadio" time="0.218"/>
  <system-out/>
  <testcase classname="analyzer.MortgageAnalyzerTestAlone" name="bu_InstalltmentsValueLessThanMin" time="0.329"/>
  <system-out/>
  <testcase classname="analyzer.MortgageAnalyzerTestAlone" name="bd_PropertyValueEmptyImput" time="1.057"/>
  <system-out/>
  <testcase classname="analyzer.MortgageAnalyzerTestAlone" name="bp_InstalltmentsCountMoreThanMax" time="0.303"/>
  <system-out/>
  <testcase classname="analyzer.MortgageAnalyzerTestAlone" name="bb_correctTypeCreditLink" time="0.046"/>
  <system-out/>
  <testcase classname="analyzer.MortgageAnalyzerTestAlone" name="bt_InstalltmentsValueEmptyImput" time="0.710"/>
  <system-out/>
  <testcase classname="analyzer.MortgageAnalyzerTestAlone" name="ab_LastCalculationDetails" time="3.742"/>
  <system-out/>
  <testcase classname="analyzer.MortgageAnalyzerTestAlone" name="br_InstalltmentsValueRadio" time="0.188"/>
  <system-out/>
</testsuite> <!-- analyzer.MortgageAnalyzerTestAlone -->
