<?xml version="1.0" encoding="UTF-8"?>
<!-- Generated by org.testng.reporters.JUnitReportReporter -->
<testsuite hostname="L86HQ1Z2" failures="0" tests="3" name="analyzer.consumer_credit.Page1Test" time="4.014" errors="0" timestamp="2020-11-08T17:14:36 CET" skipped="0">
  <testcase classname="analyzer.consumer_credit.Page1Test" name="b_LastCalculationDetails" time="1.688"/>
  <system-out/>
  <testcase classname="analyzer.consumer_credit.Page1Test" name="c_TypeCredit" time="0.998"/>
  <system-out/>
  <testcase classname="analyzer.consumer_credit.Page1Test" name="d_FollowButton" time="1.328"/>
  <system-out/>
</testsuite> <!-- analyzer.consumer_credit.Page1Test -->
