<?xml version="1.0" encoding="UTF-8"?>
<!-- Generated by org.testng.reporters.JUnitReportReporter -->
<testsuite hostname="L86HQ1Z2" failures="0" tests="3" name="analyzer.Page1Test" time="3.249" errors="0" timestamp="2020-11-05T13:24:50 CET" skipped="0">
  <testcase classname="analyzer.Page1Test" name="ad_FollowButton" time="0.287"/>
  <system-out/>
  <testcase classname="analyzer.Page1Test" name="ac_TypeCredit" time="0.112"/>
  <system-out/>
  <testcase classname="analyzer.Page1Test" name="ab_LastCalculationDetails" time="2.850"/>
  <system-out/>
</testsuite> <!-- analyzer.Page1Test -->
