<?xml version="1.0" encoding="UTF-8"?>
<!-- Generated by org.testng.reporters.JUnitReportReporter -->
<testsuite hostname="L86HQ1Z2" failures="0" tests="32" name="analyzer.MortgageAnalyzerTestWithCotaker" time="5.674" errors="1" timestamp="2020-10-12T20:02:19 CEST" skipped="31">
  <testcase classname="analyzer.MortgageAnalyzerTestWithCotaker" name="bf_verifyTooltips" time="0.000">
    <skipped/>
  </testcase> <!-- bf_verifyTooltips -->
  <system-out/>
  <testcase classname="analyzer.MortgageAnalyzerTestWithCotaker" name="bba_checkboxSelected" time="0.000">
    <skipped/>
  </testcase> <!-- bba_checkboxSelected -->
  <system-out/>
  <testcase classname="analyzer.MortgageAnalyzerTestWithCotaker" name="initialize" time="5.671">
    <error message="session not created
from chrome not reachable
  (Session info: chrome=85.0.4183.121)
Build info: version: &#039;3.141.59&#039;, revision: &#039;e82be7d358&#039;, time: &#039;2018-11-14T08:25:48&#039;
System info: host: &#039;L86HQ1Z2&#039;, ip: &#039;192.168.1.16&#039;, os.name: &#039;Windows 10&#039;, os.arch: &#039;amd64&#039;, os.version: &#039;10.0&#039;, java.version: &#039;11.0.8&#039;
Driver info: driver.version: ChromeDriver
remote stacktrace: Backtrace:
	Ordinal0 [0x00E9D383+3134339]
	Ordinal0 [0x00D8A171+2007409]
	Ordinal0 [0x00C2AD90+568720]
	Ordinal0 [0x00C21364+529252]
	Ordinal0 [0x00C219FC+530940]
	Ordinal0 [0x00C22C15+535573]
	Ordinal0 [0x00C1DFC5+516037]
	Ordinal0 [0x00C2BF70+573296]
	Ordinal0 [0x00BD1916+203030]
	Ordinal0 [0x00BD0C1D+199709]
	Ordinal0 [0x00BCEB0B+191243]
	Ordinal0 [0x00BB2E77+77431]
	Ordinal0 [0x00BB3E3E+81470]
	Ordinal0 [0x00BB3DC9+81353]
	Ordinal0 [0x00DA0CD9+2100441]
	GetHandleVerifier [0x0100B75A+1396954]
	GetHandleVerifier [0x0100B3D9+1396057]
	GetHandleVerifier [0x01017126+1444518]
	GetHandleVerifier [0x0100BCE8+1398376]
	Ordinal0 [0x00D97F51+2064209]
	Ordinal0 [0x00DA22EB+2106091]
	Ordinal0 [0x00DA2411+2106385]
	Ordinal0 [0x00DB49C4+2181572]
	BaseThreadInitThunk [0x76CE0419+25]
	RtlGetAppContainerNamedObjectPath [0x772C66DD+237]
	RtlGetAppContainerNamedObjectPath [0x772C66AD+189]
" type="org.openqa.selenium.SessionNotCreatedException">
      <![CDATA[org.openqa.selenium.SessionNotCreatedException: session not created
from chrome not reachable
  (Session info: chrome=85.0.4183.121)
Build info: version: '3.141.59', revision: 'e82be7d358', time: '2018-11-14T08:25:48'
System info: host: 'L86HQ1Z2', ip: '192.168.1.16', os.name: 'Windows 10', os.arch: 'amd64', os.version: '10.0', java.version: '11.0.8'
Driver info: driver.version: ChromeDriver
remote stacktrace: Backtrace:
Ordinal0 [0x00E9D383+3134339]
Ordinal0 [0x00D8A171+2007409]
Ordinal0 [0x00C2AD90+568720]
Ordinal0 [0x00C21364+529252]
Ordinal0 [0x00C219FC+530940]
Ordinal0 [0x00C22C15+535573]
Ordinal0 [0x00C1DFC5+516037]
Ordinal0 [0x00C2BF70+573296]
Ordinal0 [0x00BD1916+203030]
Ordinal0 [0x00BD0C1D+199709]
Ordinal0 [0x00BCEB0B+191243]
Ordinal0 [0x00BB2E77+77431]
Ordinal0 [0x00BB3E3E+81470]
Ordinal0 [0x00BB3DC9+81353]
Ordinal0 [0x00DA0CD9+2100441]
GetHandleVerifier [0x0100B75A+1396954]
GetHandleVerifier [0x0100B3D9+1396057]
GetHandleVerifier [0x01017126+1444518]
GetHandleVerifier [0x0100BCE8+1398376]
Ordinal0 [0x00D97F51+2064209]
Ordinal0 [0x00DA22EB+2106091]
Ordinal0 [0x00DA2411+2106385]
Ordinal0 [0x00DB49C4+2181572]
BaseThreadInitThunk [0x76CE0419+25]
RtlGetAppContainerNamedObjectPath [0x772C66DD+237]
RtlGetAppContainerNamedObjectPath [0x772C66AD+189]

at java.base/jdk.internal.reflect.NativeConstructorAccessorImpl.newInstance0(Native Method)
at java.base/jdk.internal.reflect.NativeConstructorAccessorImpl.newInstance(NativeConstructorAccessorImpl.java:62)
at java.base/jdk.internal.reflect.DelegatingConstructorAccessorImpl.newInstance(DelegatingConstructorAccessorImpl.java:45)
at java.base/java.lang.reflect.Constructor.newInstance(Constructor.java:490)
at org.openqa.selenium.remote.W3CHandshakeResponse.lambda$errorHandler$0(W3CHandshakeResponse.java:62)
at org.openqa.selenium.remote.HandshakeResponse.lambda$getResponseFunction$0(HandshakeResponse.java:30)
at org.openqa.selenium.remote.ProtocolHandshake.lambda$createSession$0(ProtocolHandshake.java:126)
at java.base/java.util.stream.ReferencePipeline$3$1.accept(ReferencePipeline.java:195)
at java.base/java.util.Spliterators$ArraySpliterator.tryAdvance(Spliterators.java:958)
at java.base/java.util.stream.ReferencePipeline.forEachWithCancel(ReferencePipeline.java:127)
at java.base/java.util.stream.AbstractPipeline.copyIntoWithCancel(AbstractPipeline.java:502)
at java.base/java.util.stream.AbstractPipeline.copyInto(AbstractPipeline.java:488)
at java.base/java.util.stream.AbstractPipeline.wrapAndCopyInto(AbstractPipeline.java:474)
at java.base/java.util.stream.FindOps$FindOp.evaluateSequential(FindOps.java:150)
at java.base/java.util.stream.AbstractPipeline.evaluate(AbstractPipeline.java:234)
at java.base/java.util.stream.ReferencePipeline.findFirst(ReferencePipeline.java:543)
at org.openqa.selenium.remote.ProtocolHandshake.createSession(ProtocolHandshake.java:128)
at org.openqa.selenium.remote.ProtocolHandshake.createSession(ProtocolHandshake.java:74)
at org.openqa.selenium.remote.HttpCommandExecutor.execute(HttpCommandExecutor.java:136)
at org.openqa.selenium.remote.service.DriverCommandExecutor.execute(DriverCommandExecutor.java:83)
at org.openqa.selenium.remote.RemoteWebDriver.execute(RemoteWebDriver.java:552)
at org.openqa.selenium.remote.RemoteWebDriver.startSession(RemoteWebDriver.java:213)
at org.openqa.selenium.remote.RemoteWebDriver.<init>(RemoteWebDriver.java:131)
at org.openqa.selenium.chrome.ChromeDriver.<init>(ChromeDriver.java:181)
at org.openqa.selenium.chrome.ChromeDriver.<init>(ChromeDriver.java:168)
at org.openqa.selenium.chrome.ChromeDriver.<init>(ChromeDriver.java:157)
at base.Base.initializeDriver(Base.java:30)
at analyzer.MortgageAnalyzerTestWithCotaker.initialize(MortgageAnalyzerTestWithCotaker.java:38)
at java.base/jdk.internal.reflect.NativeMethodAccessorImpl.invoke0(Native Method)
at java.base/jdk.internal.reflect.NativeMethodAccessorImpl.invoke(NativeMethodAccessorImpl.java:62)
at java.base/jdk.internal.reflect.DelegatingMethodAccessorImpl.invoke(DelegatingMethodAccessorImpl.java:43)
at java.base/java.lang.reflect.Method.invoke(Method.java:566)
at org.testng.internal.MethodInvocationHelper.invokeMethod(MethodInvocationHelper.java:132)
at org.testng.internal.MethodInvocationHelper.invokeMethodConsideringTimeout(MethodInvocationHelper.java:61)
at org.testng.internal.ConfigInvoker.invokeConfigurationMethod(ConfigInvoker.java:366)
at org.testng.internal.ConfigInvoker.invokeConfigurations(ConfigInvoker.java:320)
at org.testng.TestRunner.invokeTestConfigurations(TestRunner.java:617)
at org.testng.TestRunner.beforeRun(TestRunner.java:607)
at org.testng.TestRunner.run(TestRunner.java:578)
at org.testng.SuiteRunner.runTest(SuiteRunner.java:384)
at org.testng.SuiteRunner.runSequentially(SuiteRunner.java:378)
at org.testng.SuiteRunner.privateRun(SuiteRunner.java:337)
at org.testng.SuiteRunner.run(SuiteRunner.java:286)
at org.testng.SuiteRunnerWorker.runSuite(SuiteRunnerWorker.java:53)
at org.testng.SuiteRunnerWorker.run(SuiteRunnerWorker.java:96)
at org.testng.TestNG.runSuitesSequentially(TestNG.java:1218)
at org.testng.TestNG.runSuitesLocally(TestNG.java:1140)
at org.testng.TestNG.runSuites(TestNG.java:1069)
at org.testng.TestNG.run(TestNG.java:1037)
at org.testng.remote.AbstractRemoteTestNG.run(AbstractRemoteTestNG.java:115)
at org.testng.remote.RemoteTestNG.initAndRun(RemoteTestNG.java:251)
at org.testng.remote.RemoteTestNG.main(RemoteTestNG.java:77)
]]>
    </error>
  </testcase> <!-- initialize -->
  <system-out/>
  <testcase classname="analyzer.MortgageAnalyzerTestWithCotaker" name="cg_payedInstallments2" time="0.000">
    <skipped/>
  </testcase> <!-- cg_payedInstallments2 -->
  <system-out/>
  <testcase classname="analyzer.MortgageAnalyzerTestWithCotaker" name="cb_verifyTooltips" time="0.000">
    <skipped/>
  </testcase> <!-- cb_verifyTooltips -->
  <system-out/>
  <testcase classname="analyzer.MortgageAnalyzerTestWithCotaker" name="cf_legalCharges2" time="0.000">
    <skipped/>
  </testcase> <!-- cf_legalCharges2 -->
  <system-out/>
  <testcase classname="analyzer.MortgageAnalyzerTestWithCotaker" name="aa_Zaloguj" time="0.000">
    <skipped/>
  </testcase> <!-- aa_Zaloguj -->
  <system-out/>
  <testcase classname="analyzer.MortgageAnalyzerTestWithCotaker" name="cc_creditTaker" time="0.000">
    <skipped/>
  </testcase> <!-- cc_creditTaker -->
  <system-out/>
  <testcase classname="analyzer.MortgageAnalyzerTestWithCotaker" name="cd_sourceOfIncome2" time="0.000">
    <skipped/>
  </testcase> <!-- cd_sourceOfIncome2 -->
  <system-out/>
  <testcase classname="analyzer.MortgageAnalyzerTestWithCotaker" name="db_summaryCreditCriteriaSummary" time="0.000">
    <skipped/>
  </testcase> <!-- db_summaryCreditCriteriaSummary -->
  <system-out/>
  <testcase classname="analyzer.MortgageAnalyzerTestWithCotaker" name="cb_backButton" time="0.000">
    <skipped/>
  </testcase> <!-- cb_backButton -->
  <system-out/>
  <testcase classname="analyzer.MortgageAnalyzerTestWithCotaker" name="bb_CreditAmount" time="0.000">
    <skipped/>
  </testcase> <!-- bb_CreditAmount -->
  <system-out/>
  <testcase classname="analyzer.MortgageAnalyzerTestWithCotaker" name="bd_InstalltmentsValue" time="0.000">
    <skipped/>
  </testcase> <!-- bd_InstalltmentsValue -->
  <system-out/>
  <testcase classname="analyzer.MortgageAnalyzerTestWithCotaker" name="cl_count" time="0.000">
    <skipped/>
  </testcase> <!-- cl_count -->
  <system-out/>
  <testcase classname="analyzer.MortgageAnalyzerTestWithCotaker" name="ab_TypeCredit" time="0.000">
    <skipped/>
  </testcase> <!-- ab_TypeCredit -->
  <system-out/>
  <testcase classname="analyzer.MortgageAnalyzerTestWithCotaker" name="ba_PropertyValue" time="0.000">
    <skipped/>
  </testcase> <!-- ba_PropertyValue -->
  <system-out/>
  <testcase classname="analyzer.MortgageAnalyzerTestWithCotaker" name="aa_wasCalculationBefore" time="0.003">
    <skipped/>
  </testcase> <!-- aa_wasCalculationBefore -->
  <system-out/>
  <testcase classname="analyzer.MortgageAnalyzerTestWithCotaker" name="cd_sourceOfIncome" time="0.000">
    <skipped/>
  </testcase> <!-- cd_sourceOfIncome -->
  <system-out/>
  <testcase classname="analyzer.MortgageAnalyzerTestWithCotaker" name="ci_dependents" time="0.000">
    <skipped/>
  </testcase> <!-- ci_dependents -->
  <system-out/>
  <testcase classname="analyzer.MortgageAnalyzerTestWithCotaker" name="ca_component" time="0.000">
    <skipped/>
  </testcase> <!-- ca_component -->
  <system-out/>
  <testcase classname="analyzer.MortgageAnalyzerTestWithCotaker" name="cf_payedInstallments" time="0.000">
    <skipped/>
  </testcase> <!-- cf_payedInstallments -->
  <system-out/>
  <testcase classname="analyzer.MortgageAnalyzerTestWithCotaker" name="bg_submit" time="0.000">
    <skipped/>
  </testcase> <!-- bg_submit -->
  <system-out/>
  <testcase classname="analyzer.MortgageAnalyzerTestWithCotaker" name="bc_InstalltmentsCount" time="0.000">
    <skipped/>
  </testcase> <!-- bc_InstalltmentsCount -->
  <system-out/>
  <testcase classname="analyzer.MortgageAnalyzerTestWithCotaker" name="ce_MonthIncome2" time="0.000">
    <skipped/>
  </testcase> <!-- ce_MonthIncome2 -->
  <system-out/>
  <testcase classname="analyzer.MortgageAnalyzerTestWithCotaker" name="ch_creditLimits2" time="0.000">
    <skipped/>
  </testcase> <!-- ch_creditLimits2 -->
  <system-out/>
  <testcase classname="analyzer.MortgageAnalyzerTestWithCotaker" name="da_summaryVerifyTooltips" time="0.000">
    <skipped/>
  </testcase> <!-- da_summaryVerifyTooltips -->
  <system-out/>
  <testcase classname="analyzer.MortgageAnalyzerTestWithCotaker" name="cg_creditLimits" time="0.000">
    <skipped/>
  </testcase> <!-- cg_creditLimits -->
  <system-out/>
  <testcase classname="analyzer.MortgageAnalyzerTestWithCotaker" name="dc_summarySeeMoreLess" time="0.000">
    <skipped/>
  </testcase> <!-- dc_summarySeeMoreLess -->
  <system-out/>
  <testcase classname="analyzer.MortgageAnalyzerTestWithCotaker" name="be_relationAmountInstallments" time="0.000">
    <skipped/>
  </testcase> <!-- be_relationAmountInstallments -->
  <system-out/>
  <testcase classname="analyzer.MortgageAnalyzerTestWithCotaker" name="cj_houeseholdExpenses" time="0.000">
    <skipped/>
  </testcase> <!-- cj_houeseholdExpenses -->
  <system-out/>
  <testcase classname="analyzer.MortgageAnalyzerTestWithCotaker" name="ck_whyAsk" time="0.000">
    <skipped/>
  </testcase> <!-- ck_whyAsk -->
  <system-out/>
  <testcase classname="analyzer.MortgageAnalyzerTestWithCotaker" name="dd_summaryRemain" time="0.000">
    <skipped/>
  </testcase> <!-- dd_summaryRemain -->
  <system-out/>
</testsuite> <!-- analyzer.MortgageAnalyzerTestWithCotaker -->
