<?xml version="1.0" encoding="UTF-8"?>
<!-- Generated by org.testng.reporters.JUnitReportReporter -->
<testsuite hostname="L86HQ1Z2" failures="0" tests="26" name="analyzer.ConsumerAnalyzerTest" time="28.309" errors="0" timestamp="2020-11-05T15:54:01 CET" skipped="0">
  <testcase classname="analyzer.ConsumerAnalyzerTest" name="bc_propertyValueInvisible" time="2.266"/>
  <system-out/>
  <testcase classname="analyzer.ConsumerAnalyzerTest" name="bi_InstalltmentsCountSlider" time="1.907"/>
  <system-out/>
  <testcase classname="analyzer.ConsumerAnalyzerTest" name="ba_AgreementCheckbox" time="2.263"/>
  <system-out/>
  <testcase classname="analyzer.ConsumerAnalyzerTest" name="bt_RelationInstallmentsMoreThanMax" time="2.086"/>
  <system-out/>
  <testcase classname="analyzer.ConsumerAnalyzerTest" name="bs_RelationInstallmentsMLessThanMin" time="1.694"/>
  <system-out/>
  <testcase classname="analyzer.ConsumerAnalyzerTest" name="bz_tooltipHowToPay" time="0.355"/>
  <system-out/>
  <testcase classname="analyzer.ConsumerAnalyzerTest" name="ac_TypeCredit" time="0.233"/>
  <system-out/>
  <testcase classname="analyzer.ConsumerAnalyzerTest" name="be_CreditAmountEmptyImput" time="0.933"/>
  <system-out/>
  <testcase classname="analyzer.ConsumerAnalyzerTest" name="br_InstalltmentsValueMoreThanMax" time="0.283"/>
  <system-out/>
  <testcase classname="analyzer.ConsumerAnalyzerTest" name="bu_RelationInstallmentsTooSmall" time="1.765"/>
  <system-out/>
  <testcase classname="analyzer.ConsumerAnalyzerTest" name="bo_InstalltmentsValueEmptyImput" time="0.575"/>
  <system-out/>
  <testcase classname="analyzer.ConsumerAnalyzerTest" name="bw_RelationInstallmentsTooLarge" time="1.798"/>
  <system-out/>
  <testcase classname="analyzer.ConsumerAnalyzerTest" name="bp_InstalltmentsValueLessThanMin" time="0.305"/>
  <system-out/>
  <testcase classname="analyzer.ConsumerAnalyzerTest" name="bm_InstalltmentsValueRadio" time="0.159"/>
  <system-out/>
  <testcase classname="analyzer.ConsumerAnalyzerTest" name="by_tooltipAmount" time="0.386"/>
  <system-out/>
  <testcase classname="analyzer.ConsumerAnalyzerTest" name="bl_InstalltmentsCountMoreThanMax" time="0.297"/>
  <system-out/>
  <testcase classname="analyzer.ConsumerAnalyzerTest" name="bn_InstalltmentsValueSlider" time="1.834"/>
  <system-out/>
  <testcase classname="analyzer.ConsumerAnalyzerTest" name="bd_CreditAmountSlider" time="2.159"/>
  <system-out/>
  <testcase classname="analyzer.ConsumerAnalyzerTest" name="bj_InstalltmentsCountEmptyImput" time="0.476"/>
  <system-out/>
  <testcase classname="analyzer.ConsumerAnalyzerTest" name="ab_LastCalculationDetails" time="4.390"/>
  <system-out/>
  <testcase classname="analyzer.ConsumerAnalyzerTest" name="bh_InstalltmentsCountRadio" time="0.252"/>
  <system-out/>
  <testcase classname="analyzer.ConsumerAnalyzerTest" name="bf_CreditAmountLessThanMin" time="0.561"/>
  <system-out/>
  <testcase classname="analyzer.ConsumerAnalyzerTest" name="ad_FollowButton" time="0.473"/>
  <system-out/>
  <testcase classname="analyzer.ConsumerAnalyzerTest" name="bk_InstalltmentsCountLessThanMin" time="0.297"/>
  <system-out/>
  <testcase classname="analyzer.ConsumerAnalyzerTest" name="bg_CreditAmountMoreThanMax" time="0.511"/>
  <system-out/>
  <testcase classname="analyzer.ConsumerAnalyzerTest" name="bb_correctTypeCreditLink" time="0.051"/>
  <system-out/>
</testsuite> <!-- analyzer.ConsumerAnalyzerTest -->
