<?xml version="1.0" encoding="UTF-8"?>
<!-- Generated by org.testng.reporters.JUnitReportReporter -->
<testsuite hostname="L86HQ1Z2" failures="0" tests="6" name="analyzer.ClearAgreement" time="45.575" errors="0" timestamp="2020-11-08T17:19:55 CET" skipped="0">
  <testcase classname="analyzer.ClearAgreement" name="a_IsCustomerExist" time="3.451"/>
  <system-out/>
  <testcase classname="analyzer.ClearAgreement" name="b_Clear" time="12.279"/>
  <system-out/>
  <testcase classname="analyzer.ClearAgreement" name="a_IsCustomerExist" time="2.891"/>
  <system-out/>
  <testcase classname="analyzer.ClearAgreement" name="b_Clear" time="12.151"/>
  <system-out/>
  <testcase classname="analyzer.ClearAgreement" name="a_IsCustomerExist" time="2.982"/>
  <system-out/>
  <testcase classname="analyzer.ClearAgreement" name="b_Clear" time="11.821"/>
  <system-out/>
</testsuite> <!-- analyzer.ClearAgreement -->
