<?xml version="1.0" encoding="UTF-8"?>
<!-- Generated by org.testng.reporters.JUnitReportReporter -->
<testsuite hostname="L86HQ1Z2" failures="0" tests="13" name="analyzer.consumer_credit.Page4Test" time="7.259" errors="0" timestamp="2020-11-08T17:14:36 CET" skipped="0">
  <testcase classname="analyzer.consumer_credit.Page4Test" name="m_countAnotherCreditButton" time="1.068"/>
  <system-out/>
  <testcase classname="analyzer.consumer_credit.Page4Test" name="d_scoringSeeLess" time="0.229"/>
  <system-out/>
  <testcase classname="analyzer.consumer_credit.Page4Test" name="k_compareDate" time="0.158"/>
  <system-out/>
  <testcase classname="analyzer.consumer_credit.Page4Test" name="h_budgetChargeSeeMore" time="0.208"/>
  <system-out/>
  <testcase classname="analyzer.consumer_credit.Page4Test" name="c_punctualityPaymentSeeLess" time="0.187"/>
  <system-out/>
  <testcase classname="analyzer.consumer_credit.Page4Test" name="a_creditCriteriaSummary" time="2.310"/>
  <system-out/>
  <testcase classname="analyzer.consumer_credit.Page4Test" name="l_verifyIcon" time="0.158"/>
  <system-out/>
  <testcase classname="analyzer.consumer_credit.Page4Test" name="n_homePage" time="1.606"/>
  <system-out/>
  <testcase classname="analyzer.consumer_credit.Page4Test" name="e_scoringSeeMore" time="0.229"/>
  <system-out/>
  <testcase classname="analyzer.consumer_credit.Page4Test" name="j_creditSumSeeMore" time="0.222"/>
  <system-out/>
  <testcase classname="analyzer.consumer_credit.Page4Test" name="b_punctualityPaymentSeeMore" time="0.258"/>
  <system-out/>
  <testcase classname="analyzer.consumer_credit.Page4Test" name="i_creditSumSeeLess" time="0.329"/>
  <system-out/>
  <testcase classname="analyzer.consumer_credit.Page4Test" name="f_budgetChargeSeeLess" time="0.297"/>
  <system-out/>
</testsuite> <!-- analyzer.consumer_credit.Page4Test -->
