<?xml version="1.0" encoding="UTF-8"?>
<!-- Generated by org.testng.reporters.JUnitReportReporter -->
<testsuite hostname="L86HQ1Z2" failures="0" tests="13" name="analyzer.mortgage_credit.Page4CreditAloneTest" time="5.198" errors="0" timestamp="2020-11-08T01:50:37 CET" skipped="0">
  <testcase classname="analyzer.mortgage_credit.Page4CreditAloneTest" name="b_punctualityPaymentSeeMore" time="0.132"/>
  <system-out/>
  <testcase classname="analyzer.mortgage_credit.Page4CreditAloneTest" name="l_verifyIcon" time="0.048"/>
  <system-out/>
  <testcase classname="analyzer.mortgage_credit.Page4CreditAloneTest" name="j_creditSumSeeMore" time="0.096"/>
  <system-out/>
  <testcase classname="analyzer.mortgage_credit.Page4CreditAloneTest" name="i_creditSumSeeLess" time="0.127"/>
  <system-out/>
  <testcase classname="analyzer.mortgage_credit.Page4CreditAloneTest" name="d_scoringSeeLess" time="0.127"/>
  <system-out/>
  <testcase classname="analyzer.mortgage_credit.Page4CreditAloneTest" name="n_homePage" time="1.219"/>
  <system-out/>
  <testcase classname="analyzer.mortgage_credit.Page4CreditAloneTest" name="m_countAnotherCreditButton" time="0.754"/>
  <system-out/>
  <testcase classname="analyzer.mortgage_credit.Page4CreditAloneTest" name="c_punctualityPaymentSeeLess" time="0.110"/>
  <system-out/>
  <testcase classname="analyzer.mortgage_credit.Page4CreditAloneTest" name="a_creditCriteriaSummary" time="2.228"/>
  <system-out/>
  <testcase classname="analyzer.mortgage_credit.Page4CreditAloneTest" name="f_budgetChargeSeeLess" time="0.113"/>
  <system-out/>
  <testcase classname="analyzer.mortgage_credit.Page4CreditAloneTest" name="h_budgetChargeSeeMore" time="0.094"/>
  <system-out/>
  <testcase classname="analyzer.mortgage_credit.Page4CreditAloneTest" name="k_compareDate" time="0.045"/>
  <system-out/>
  <testcase classname="analyzer.mortgage_credit.Page4CreditAloneTest" name="e_scoringSeeMore" time="0.105"/>
  <system-out/>
</testsuite> <!-- analyzer.mortgage_credit.Page4CreditAloneTest -->
