<?xml version="1.0" encoding="UTF-8"?>
<!-- Generated by org.testng.reporters.JUnitReportReporter -->
<testsuite hostname="L86HQ1Z2" failures="0" tests="3" name="analyzer.mortgage_credit.Page1Test" time="2.849" errors="0" timestamp="2020-11-08T17:19:55 CET" skipped="0">
  <testcase classname="analyzer.mortgage_credit.Page1Test" name="c_TypeCredit" time="0.646"/>
  <system-out/>
  <testcase classname="analyzer.mortgage_credit.Page1Test" name="b_LastCalculationDetails" time="1.403"/>
  <system-out/>
  <testcase classname="analyzer.mortgage_credit.Page1Test" name="d_FollowButton" time="0.800"/>
  <system-out/>
</testsuite> <!-- analyzer.mortgage_credit.Page1Test -->
